[dhdDelta():13.18.44.0005] - Did not find FalconCommon.txt
[dhdComUSB::dhdComUSB():13.18.44.0006] - Constructor
[dhdDelta():13.18.44.0007] - Did not find FalconCommon.txt
[dhdComUSB::dhdComUSB():13.18.44.0007] - Constructor
[dhdDelta():13.18.44.0008] - Did not find FalconCommon.txt
[dhdComUSB::dhdComUSB():13.18.44.0008] - Constructor
[dhdDelta():13.18.44.0009] - Did not find FalconCommon.txt
[dhdComUSB::dhdComUSB():13.18.44.0009] - Constructor
[dhdDelta():13.18.44.0010] - Did not find FalconCommon.txt
[dhdComUSB::dhdComUSB():13.18.44.0010] - Constructor
[dhdDelta():13.18.44.0011] - Did not find FalconCommon.txt
[dhdComUSB::dhdComUSB():13.18.44.0011] - Constructor
[dhdDelta():13.18.44.0012] - Did not find FalconCommon.txt
[dhdComUSB::dhdComUSB():13.18.44.0012] - Constructor
[dhdDelta():13.18.44.0013] - Did not find FalconCommon.txt
[dhdComUSB::dhdComUSB():13.18.44.0013] - Constructor
[dhdDelta():13.18.44.0014] - Did not find FalconCommon.txt
[dhdComUSB::dhdComUSB():13.18.44.0014] - Constructor
[dhdDelta():13.18.44.0015] - Did not find FalconCommon.txt
[dhdComUSB::dhdComUSB():13.18.44.0015] - Constructor
[dhdOpenWithReset():13.18.44.2597] - currentDevice = 0, l_serNum = 16000156, is NOT smart
[dhdOpenWithReset():13.18.44.3892] - l_serNum after getFileName = 16000156
[dhdOpenWithReset():13.18.44.3894] - Found falcon_12_0101.bin at C:\Program Files (x86)\Novint\Falcon\HDAL\bin\falcon_12_0101.bin
[dhdOpenWithReset():13.18.44.3894] - comUSB[0]open(16000156, C:\Program Files (x86)\Novint\Falcon\HDAL\bin\falcon_12_0101.bin, False)
[dhdComUSB::open():13.18.44.3894] - Open(C:\Program Files (x86)\Novint\Falcon\HDAL\bin\falcon_12_0101.bin, false)
[dhdComUSB::open():13.18.44.4034] - OpenUSBPort succeeded after 1 tries
[dhdComUSB::open():13.18.44.4035] - deviceType = 0
[dhdComUSB::open():13.18.44.4035] - deviceID   = 67357512d
[dhdComUSB::open():13.18.44.4035] - deviceSN   = 16000156
[dhdComUSB::open():13.18.44.4035] - deviceDesc = FALCON HAPTIC
[dhdComUSB::open():13.18.45.4026] - Starting Download
[dhdComUSB::DownloadCode():13.18.47.2166] - SetUSBParameters(EF12D8,128,128)
[dhdComUSB::DownloadCode():13.18.47.2257] - Read 128 bytes
[dhdComUSB::DownloadCode():13.18.47.2258] - Sent 128 bytes
[dhdComUSB::DownloadCode():13.18.47.2352] - 128 chars available
[dhdComUSB::DownloadCode():13.18.47.2362] - ReadFile done
[dhdComUSB::DownloadCode():13.18.47.2362] - Read 128 bytes
[dhdComUSB::DownloadCode():13.18.47.2363] - Sent 128 bytes
[dhdComUSB::DownloadCode():13.18.47.2462] - 128 chars available
[dhdComUSB::DownloadCode():13.18.47.2472] - ReadFile done
[dhdComUSB::DownloadCode():13.18.47.2472] - Read 128 bytes
[dhdComUSB::DownloadCode():13.18.47.2473] - Sent 128 bytes
[dhdComUSB::DownloadCode():13.18.47.2572] - 128 chars available
[dhdComUSB::DownloadCode():13.18.47.2582] - ReadFile done
[dhdComUSB::DownloadCode():13.18.47.2583] - Read 128 bytes
[dhdComUSB::DownloadCode():13.18.47.2583] - Sent 128 bytes
[dhdComUSB::DownloadCode():13.18.47.2682] - 128 chars available
[dhdComUSB::DownloadCode():13.18.47.2691] - ReadFile done
[dhdComUSB::DownloadCode():13.18.47.2691] - Read 128 bytes
[dhdComUSB::DownloadCode():13.18.47.2691] - Sent 128 bytes
[dhdComUSB::DownloadCode():13.18.47.2792] - 128 chars available
[dhdComUSB::DownloadCode():13.18.47.2803] - ReadFile done
[dhdComUSB::DownloadCode():13.18.47.2803] - Read 128 bytes
[dhdComUSB::DownloadCode():13.18.47.2804] - Sent 128 bytes
[dhdComUSB::DownloadCode():13.18.47.2902] - 128 chars available
[dhdComUSB::DownloadCode():13.18.47.2912] - ReadFile done
[dhdComUSB::DownloadCode():13.18.47.2912] - Read 128 bytes
[dhdComUSB::DownloadCode():13.18.47.2913] - Sent 128 bytes
[dhdComUSB::DownloadCode():13.18.47.3012] - 128 chars available
[dhdComUSB::DownloadCode():13.18.47.3022] - ReadFile done
[dhdComUSB::DownloadCode():13.18.47.3022] - Read 128 bytes
[dhdComUSB::DownloadCode():13.18.47.3023] - Sent 128 bytes
[dhdComUSB::DownloadCode():13.18.47.3123] - 128 chars available
[dhdComUSB::DownloadCode():13.18.47.3132] - ReadFile done
[dhdComUSB::DownloadCode():13.18.47.3132] - Read 128 bytes
[dhdComUSB::DownloadCode():13.18.47.3133] - Sent 128 bytes
[dhdComUSB::DownloadCode():13.18.47.3231] - 128 chars available
[dhdComUSB::DownloadCode():13.18.47.3240] - ReadFile done
[dhdComUSB::DownloadCode():13.18.47.3240] - Read 128 bytes
[dhdComUSB::DownloadCode():13.18.47.3240] - Sent 128 bytes
[dhdComUSB::DownloadCode():13.18.47.3341] - 128 chars available
[dhdComUSB::DownloadCode():13.18.47.3350] - ReadFile done
[dhdComUSB::DownloadCode():13.18.47.3350] - Read 128 bytes
[dhdComUSB::DownloadCode():13.18.47.3350] - Sent 128 bytes
[dhdComUSB::DownloadCode():13.18.47.3451] - 128 chars available
[dhdComUSB::DownloadCode():13.18.47.3460] - ReadFile done
[dhdComUSB::DownloadCode():13.18.47.3460] - Read 128 bytes
[dhdComUSB::DownloadCode():13.18.47.3460] - Sent 128 bytes
[dhdComUSB::DownloadCode():13.18.47.3561] - 128 chars available
[dhdComUSB::DownloadCode():13.18.47.3570] - ReadFile done
[dhdComUSB::DownloadCode():13.18.47.3570] - Read 128 bytes
[dhdComUSB::DownloadCode():13.18.47.3570] - Sent 128 bytes
[dhdComUSB::DownloadCode():13.18.47.3671] - 128 chars available
[dhdComUSB::DownloadCode():13.18.47.3682] - ReadFile done
[dhdComUSB::DownloadCode():13.18.47.3682] - Read 128 bytes
[dhdComUSB::DownloadCode():13.18.47.3683] - Sent 128 bytes
[dhdComUSB::DownloadCode():13.18.47.3781] - 128 chars available
[dhdComUSB::DownloadCode():13.18.47.3790] - ReadFile done
[dhdComUSB::DownloadCode():13.18.47.3790] - Read 128 bytes
[dhdComUSB::DownloadCode():13.18.47.3790] - Sent 128 bytes
[dhdComUSB::DownloadCode():13.18.47.3891] - 128 chars available
[dhdComUSB::DownloadCode():13.18.47.3900] - ReadFile done
[dhdComUSB::DownloadCode():13.18.47.3900] - Read 128 bytes
[dhdComUSB::DownloadCode():13.18.47.3900] - Sent 128 bytes
[dhdComUSB::DownloadCode():13.18.47.4001] - 128 chars available
[dhdComUSB::DownloadCode():13.18.47.4011] - ReadFile done
[dhdComUSB::DownloadCode():13.18.47.4011] - Read 128 bytes
[dhdComUSB::DownloadCode():13.18.47.4012] - Sent 128 bytes
[dhdComUSB::DownloadCode():13.18.47.4111] - 128 chars available
[dhdComUSB::DownloadCode():13.18.47.4121] - ReadFile done
[dhdComUSB::DownloadCode():13.18.47.4122] - Read 128 bytes
[dhdComUSB::DownloadCode():13.18.47.4122] - Sent 128 bytes
[dhdComUSB::DownloadCode():13.18.47.4220] - 128 chars available
[dhdComUSB::DownloadCode():13.18.47.4229] - ReadFile done
[dhdComUSB::DownloadCode():13.18.47.4229] - Read 128 bytes
[dhdComUSB::DownloadCode():13.18.47.4229] - Sent 128 bytes
[dhdComUSB::DownloadCode():13.18.47.4330] - 128 chars available
[dhdComUSB::DownloadCode():13.18.47.4338] - ReadFile done
[dhdComUSB::DownloadCode():13.18.47.4339] - Read 128 bytes
[dhdComUSB::DownloadCode():13.18.47.4339] - Sent 128 bytes
[dhdComUSB::DownloadCode():13.18.47.4440] - 128 chars available
[dhdComUSB::DownloadCode():13.18.47.4448] - ReadFile done
[dhdComUSB::DownloadCode():13.18.47.4449] - Read 128 bytes
[dhdComUSB::DownloadCode():13.18.47.4449] - Sent 128 bytes
[dhdComUSB::DownloadCode():13.18.47.4550] - 128 chars available
[dhdComUSB::DownloadCode():13.18.47.4560] - ReadFile done
[dhdComUSB::DownloadCode():13.18.47.4560] - Read 128 bytes
[dhdComUSB::DownloadCode():13.18.47.4560] - Sent 128 bytes
[dhdComUSB::DownloadCode():13.18.47.4660] - 128 chars available
[dhdComUSB::DownloadCode():13.18.47.4668] - ReadFile done
[dhdComUSB::DownloadCode():13.18.47.4669] - Read 128 bytes
[dhdComUSB::DownloadCode():13.18.47.4669] - Sent 128 bytes
[dhdComUSB::DownloadCode():13.18.47.4770] - 128 chars available
[dhdComUSB::DownloadCode():13.18.47.4780] - ReadFile done
[dhdComUSB::DownloadCode():13.18.47.4780] - Read 128 bytes
[dhdComUSB::DownloadCode():13.18.47.4780] - Sent 128 bytes
[dhdComUSB::DownloadCode():13.18.47.4880] - 128 chars available
[dhdComUSB::DownloadCode():13.18.47.4888] - ReadFile done
[dhdComUSB::DownloadCode():13.18.47.4889] - Read 128 bytes
[dhdComUSB::DownloadCode():13.18.47.4889] - Sent 128 bytes
[dhdComUSB::DownloadCode():13.18.47.4990] - 128 chars available
[dhdComUSB::DownloadCode():13.18.47.4998] - ReadFile done
[dhdComUSB::DownloadCode():13.18.47.4999] - Read 128 bytes
[dhdComUSB::DownloadCode():13.18.47.4999] - Sent 128 bytes
[dhdComUSB::DownloadCode():13.18.47.5099] - 128 chars available
[dhdComUSB::DownloadCode():13.18.47.5109] - ReadFile done
[dhdComUSB::DownloadCode():13.18.47.5109] - Read 128 bytes
[dhdComUSB::DownloadCode():13.18.47.5109] - Sent 128 bytes
[dhdComUSB::DownloadCode():13.18.47.5208] - 128 chars available
[dhdComUSB::DownloadCode():13.18.47.5217] - ReadFile done
[dhdComUSB::DownloadCode():13.18.47.5217] - Read 128 bytes
[dhdComUSB::DownloadCode():13.18.47.5218] - Sent 128 bytes
[dhdComUSB::DownloadCode():13.18.47.5319] - 128 chars available
[dhdComUSB::DownloadCode():13.18.47.5329] - ReadFile done
[dhdComUSB::DownloadCode():13.18.47.5329] - Read 128 bytes
[dhdComUSB::DownloadCode():13.18.47.5329] - Sent 128 bytes
[dhdComUSB::DownloadCode():13.18.47.5429] - 128 chars available
[dhdComUSB::DownloadCode():13.18.47.5439] - ReadFile done
[dhdComUSB::DownloadCode():13.18.47.5439] - Read 128 bytes
[dhdComUSB::DownloadCode():13.18.47.5439] - Sent 128 bytes
[dhdComUSB::DownloadCode():13.18.47.5539] - 128 chars available
[dhdComUSB::DownloadCode():13.18.47.5547] - ReadFile done
[dhdComUSB::DownloadCode():13.18.47.5547] - Read 128 bytes
[dhdComUSB::DownloadCode():13.18.47.5548] - Sent 128 bytes
[dhdComUSB::DownloadCode():13.18.47.5649] - 128 chars available
[dhdComUSB::DownloadCode():13.18.47.5659] - ReadFile done
[dhdComUSB::DownloadCode():13.18.47.5659] - Read 128 bytes
[dhdComUSB::DownloadCode():13.18.47.5659] - Sent 128 bytes
[dhdComUSB::DownloadCode():13.18.47.5759] - 128 chars available
[dhdComUSB::DownloadCode():13.18.47.5767] - ReadFile done
[dhdComUSB::DownloadCode():13.18.47.5768] - Read 128 bytes
[dhdComUSB::DownloadCode():13.18.47.5768] - Sent 128 bytes
[dhdComUSB::DownloadCode():13.18.47.5869] - 128 chars available
[dhdComUSB::DownloadCode():13.18.47.5877] - ReadFile done
[dhdComUSB::DownloadCode():13.18.47.5877] - Read 128 bytes
[dhdComUSB::DownloadCode():13.18.47.5878] - Sent 128 bytes
[dhdComUSB::DownloadCode():13.18.47.5979] - 128 chars available
[dhdComUSB::DownloadCode():13.18.47.5987] - ReadFile done
[dhdComUSB::DownloadCode():13.18.47.5987] - Read 128 bytes
[dhdComUSB::DownloadCode():13.18.47.5988] - Sent 128 bytes
[dhdComUSB::DownloadCode():13.18.47.6087] - 128 chars available
[dhdComUSB::DownloadCode():13.18.47.6096] - ReadFile done
[dhdComUSB::DownloadCode():13.18.47.6096] - Read 128 bytes
[dhdComUSB::DownloadCode():13.18.47.6096] - Sent 128 bytes
[dhdComUSB::DownloadCode():13.18.47.6197] - 128 chars available
[dhdComUSB::DownloadCode():13.18.47.6206] - ReadFile done
[dhdComUSB::DownloadCode():13.18.47.6206] - Read 128 bytes
[dhdComUSB::DownloadCode():13.18.47.6206] - Sent 128 bytes
[dhdComUSB::DownloadCode():13.18.47.6307] - 128 chars available
[dhdComUSB::DownloadCode():13.18.47.6316] - ReadFile done
[dhdComUSB::DownloadCode():13.18.47.6316] - Read 128 bytes
[dhdComUSB::DownloadCode():13.18.47.6316] - Sent 128 bytes
[dhdComUSB::DownloadCode():13.18.47.6418] - 128 chars available
[dhdComUSB::DownloadCode():13.18.47.6426] - ReadFile done
[dhdComUSB::DownloadCode():13.18.47.6426] - Read 128 bytes
[dhdComUSB::DownloadCode():13.18.47.6426] - Sent 128 bytes
[dhdComUSB::DownloadCode():13.18.47.6527] - 128 chars available
[dhdComUSB::DownloadCode():13.18.47.6536] - ReadFile done
[dhdComUSB::DownloadCode():13.18.47.6536] - Read 128 bytes
[dhdComUSB::DownloadCode():13.18.47.6536] - Sent 128 bytes
[dhdComUSB::DownloadCode():13.18.47.6638] - 128 chars available
[dhdComUSB::DownloadCode():13.18.47.6646] - ReadFile done
[dhdComUSB::DownloadCode():13.18.47.6646] - Read 128 bytes
[dhdComUSB::DownloadCode():13.18.47.6646] - Sent 128 bytes
[dhdComUSB::DownloadCode():13.18.47.6747] - 128 chars available
[dhdComUSB::DownloadCode():13.18.47.6756] - ReadFile done
[dhdComUSB::DownloadCode():13.18.47.6756] - Read 128 bytes
[dhdComUSB::DownloadCode():13.18.47.6756] - Sent 128 bytes
[dhdComUSB::DownloadCode():13.18.47.6858] - 128 chars available
[dhdComUSB::DownloadCode():13.18.47.6866] - ReadFile done
[dhdComUSB::DownloadCode():13.18.47.6866] - Read 128 bytes
[dhdComUSB::DownloadCode():13.18.47.6866] - Sent 128 bytes
[dhdComUSB::DownloadCode():13.18.47.6966] - 128 chars available
[dhdComUSB::DownloadCode():13.18.47.6975] - ReadFile done
[dhdComUSB::DownloadCode():13.18.47.6975] - Read 128 bytes
[dhdComUSB::DownloadCode():13.18.47.6975] - Sent 128 bytes
[dhdComUSB::DownloadCode():13.18.47.7076] - 128 chars available
[dhdComUSB::DownloadCode():13.18.47.7085] - ReadFile done
[dhdComUSB::DownloadCode():13.18.47.7085] - Read 128 bytes
[dhdComUSB::DownloadCode():13.18.47.7085] - Sent 128 bytes
[dhdComUSB::DownloadCode():13.18.47.7186] - 128 chars available
[dhdComUSB::DownloadCode():13.18.47.7195] - ReadFile done
[dhdComUSB::DownloadCode():13.18.47.7195] - Read 128 bytes
[dhdComUSB::DownloadCode():13.18.47.7195] - Sent 128 bytes
[dhdComUSB::DownloadCode():13.18.47.7296] - 128 chars available
[dhdComUSB::DownloadCode():13.18.47.7305] - ReadFile done
[dhdComUSB::DownloadCode():13.18.47.7305] - Read 128 bytes
[dhdComUSB::DownloadCode():13.18.47.7305] - Sent 128 bytes
[dhdComUSB::DownloadCode():13.18.47.7406] - 128 chars available
[dhdComUSB::DownloadCode():13.18.47.7415] - ReadFile done
[dhdComUSB::DownloadCode():13.18.47.7415] - Read 128 bytes
[dhdComUSB::DownloadCode():13.18.47.7415] - Sent 128 bytes
[dhdComUSB::DownloadCode():13.18.47.7517] - 128 chars available
[dhdComUSB::DownloadCode():13.18.47.7526] - ReadFile done
[dhdComUSB::DownloadCode():13.18.47.7526] - Read 128 bytes
[dhdComUSB::DownloadCode():13.18.47.7527] - Sent 128 bytes
[dhdComUSB::DownloadCode():13.18.47.7626] - 128 chars available
[dhdComUSB::DownloadCode():13.18.47.7635] - ReadFile done
[dhdComUSB::DownloadCode():13.18.47.7635] - Read 128 bytes
[dhdComUSB::DownloadCode():13.18.47.7635] - Sent 128 bytes
[dhdComUSB::DownloadCode():13.18.47.7736] - 128 chars available
[dhdComUSB::DownloadCode():13.18.47.7745] - ReadFile done
[dhdComUSB::DownloadCode():13.18.47.7745] - Read 128 bytes
[dhdComUSB::DownloadCode():13.18.47.7745] - Sent 128 bytes
[dhdComUSB::DownloadCode():13.18.47.7846] - 128 chars available
[dhdComUSB::DownloadCode():13.18.47.7855] - ReadFile done
[dhdComUSB::DownloadCode():13.18.47.7855] - Read 128 bytes
[dhdComUSB::DownloadCode():13.18.47.7855] - Sent 128 bytes
[dhdComUSB::DownloadCode():13.18.47.7956] - 128 chars available
[dhdComUSB::DownloadCode():13.18.47.7965] - ReadFile done
[dhdComUSB::DownloadCode():13.18.47.7965] - Read 128 bytes
[dhdComUSB::DownloadCode():13.18.47.7965] - Sent 128 bytes
[dhdComUSB::DownloadCode():13.18.47.8066] - 128 chars available
[dhdComUSB::DownloadCode():13.18.47.8075] - ReadFile done
[dhdComUSB::DownloadCode():13.18.47.8075] - Read 128 bytes
[dhdComUSB::DownloadCode():13.18.47.8075] - Sent 128 bytes
[dhdComUSB::DownloadCode():13.18.47.8176] - 128 chars available
[dhdComUSB::DownloadCode():13.18.47.8185] - ReadFile done
[dhdComUSB::DownloadCode():13.18.47.8185] - Read 128 bytes
[dhdComUSB::DownloadCode():13.18.47.8185] - Sent 128 bytes
[dhdComUSB::DownloadCode():13.18.47.8286] - 128 chars available
[dhdComUSB::DownloadCode():13.18.47.8296] - ReadFile done
[dhdComUSB::DownloadCode():13.18.47.8296] - Read 128 bytes
[dhdComUSB::DownloadCode():13.18.47.8297] - Sent 128 bytes
[dhdComUSB::DownloadCode():13.18.47.8395] - 128 chars available
[dhdComUSB::DownloadCode():13.18.47.8406] - ReadFile done
[dhdComUSB::DownloadCode():13.18.47.8406] - Read 128 bytes
[dhdComUSB::DownloadCode():13.18.47.8407] - Sent 128 bytes
[dhdComUSB::DownloadCode():13.18.47.8505] - 128 chars available
[dhdComUSB::DownloadCode():13.18.47.8514] - ReadFile done
[dhdComUSB::DownloadCode():13.18.47.8514] - Read 128 bytes
[dhdComUSB::DownloadCode():13.18.47.8514] - Sent 128 bytes
[dhdComUSB::DownloadCode():13.18.47.8615] - 128 chars available
[dhdComUSB::DownloadCode():13.18.47.8624] - ReadFile done
[dhdComUSB::DownloadCode():13.18.47.8624] - Read 128 bytes
[dhdComUSB::DownloadCode():13.18.47.8624] - Sent 128 bytes
[dhdComUSB::DownloadCode():13.18.47.8725] - 128 chars available
[dhdComUSB::DownloadCode():13.18.47.8734] - ReadFile done
[dhdComUSB::DownloadCode():13.18.47.8734] - Read 128 bytes
[dhdComUSB::DownloadCode():13.18.47.8734] - Sent 128 bytes
[dhdComUSB::DownloadCode():13.18.47.8835] - 128 chars available
[dhdComUSB::DownloadCode():13.18.47.8844] - ReadFile done
[dhdComUSB::DownloadCode():13.18.47.8844] - Read 128 bytes
[dhdComUSB::DownloadCode():13.18.47.8844] - Sent 128 bytes
[dhdComUSB::DownloadCode():13.18.47.8944] - 128 chars available
[dhdComUSB::DownloadCode():13.18.47.8953] - ReadFile done
[dhdComUSB::DownloadCode():13.18.47.8953] - Read 128 bytes
[dhdComUSB::DownloadCode():13.18.47.8953] - Sent 128 bytes
[dhdComUSB::DownloadCode():13.18.47.9054] - 128 chars available
[dhdComUSB::DownloadCode():13.18.47.9062] - ReadFile done
[dhdComUSB::DownloadCode():13.18.47.9062] - Read 128 bytes
[dhdComUSB::DownloadCode():13.18.47.9063] - Sent 128 bytes
[dhdComUSB::DownloadCode():13.18.47.9164] - 128 chars available
[dhdComUSB::DownloadCode():13.18.47.9172] - ReadFile done
[dhdComUSB::DownloadCode():13.18.47.9172] - Read 128 bytes
[dhdComUSB::DownloadCode():13.18.47.9173] - Sent 128 bytes
[dhdComUSB::DownloadCode():13.18.47.9274] - 128 chars available
[dhdComUSB::DownloadCode():13.18.47.9282] - ReadFile done
[dhdComUSB::DownloadCode():13.18.47.9282] - Read 128 bytes
[dhdComUSB::DownloadCode():13.18.47.9283] - Sent 128 bytes
[dhdComUSB::DownloadCode():13.18.47.9384] - 128 chars available
[dhdComUSB::DownloadCode():13.18.47.9393] - ReadFile done
[dhdComUSB::DownloadCode():13.18.47.9393] - Read 128 bytes
[dhdComUSB::DownloadCode():13.18.47.9393] - Sent 128 bytes
[dhdComUSB::DownloadCode():13.18.47.9494] - 128 chars available
[dhdComUSB::DownloadCode():13.18.47.9502] - ReadFile done
[dhdComUSB::DownloadCode():13.18.47.9503] - Read 128 bytes
[dhdComUSB::DownloadCode():13.18.47.9503] - Sent 128 bytes
[dhdComUSB::DownloadCode():13.18.47.9604] - 128 chars available
[dhdComUSB::DownloadCode():13.18.47.9612] - ReadFile done
[dhdComUSB::DownloadCode():13.18.47.9613] - Read 128 bytes
[dhdComUSB::DownloadCode():13.18.47.9613] - Sent 128 bytes
[dhdComUSB::DownloadCode():13.18.47.9713] - 128 chars available
[dhdComUSB::DownloadCode():13.18.47.9722] - ReadFile done
[dhdComUSB::DownloadCode():13.18.47.9722] - Read 128 bytes
[dhdComUSB::DownloadCode():13.18.47.9722] - Sent 128 bytes
[dhdComUSB::DownloadCode():13.18.47.9822] - 128 chars available
[dhdComUSB::DownloadCode():13.18.47.9833] - ReadFile done
[dhdComUSB::DownloadCode():13.18.47.9833] - Read 128 bytes
[dhdComUSB::DownloadCode():13.18.47.9833] - Sent 128 bytes
[dhdComUSB::DownloadCode():13.18.47.9932] - 128 chars available
[dhdComUSB::DownloadCode():13.18.47.9943] - ReadFile done
[dhdComUSB::DownloadCode():13.18.47.9943] - Read 128 bytes
[dhdComUSB::DownloadCode():13.18.47.9943] - Sent 128 bytes
[dhdComUSB::DownloadCode():13.18.48.0042] - 128 chars available
[dhdComUSB::DownloadCode():13.18.48.0053] - ReadFile done
[dhdComUSB::DownloadCode():13.18.48.0053] - Read 128 bytes
[dhdComUSB::DownloadCode():13.18.48.0053] - Sent 128 bytes
[dhdComUSB::DownloadCode():13.18.48.0152] - 128 chars available
[dhdComUSB::DownloadCode():13.18.48.0162] - ReadFile done
[dhdComUSB::DownloadCode():13.18.48.0162] - Read 128 bytes
[dhdComUSB::DownloadCode():13.18.48.0163] - Sent 128 bytes
[dhdComUSB::DownloadCode():13.18.48.0262] - 128 chars available
[dhdComUSB::DownloadCode():13.18.48.0272] - ReadFile done
[dhdComUSB::DownloadCode():13.18.48.0273] - Read 74 bytes
[dhdComUSB::DownloadCode():13.18.48.0273] - Sent 74 bytes
[dhdComUSB::DownloadCode():13.18.48.0332] - 74 chars available
[dhdComUSB::DownloadCode():13.18.48.0341] - ReadFile done
[dhdComUSB::DownloadCode():13.18.48.0341] - Download done
[dhdComUSB::open():13.18.48.0341] - Download status: 0
[dhdComUSB::OpenDeviceCommunications():13.18.48.0342] - Set Baud Rate Status: 0
[dhdComUSB::OpenDeviceCommunications():13.18.48.0638] - update() okay after 1 updates
[dhdComUSB::OpenDeviceCommunications():13.18.48.0638] - Returning 0
[dhdComUSB::changeGrip():13.18.48.2638] - New Grip: G_A
[dhdComUSB::changeGrip():13.18.48.2640] - Started grip change
[changeGripThreadFunc::13.18.48.2641] - deleting old grip object
[changeGripThreadFunc::13.18.48.2641] - Loading grip type G_A
[changeGripThreadFunc::13.18.48.2810] - Loading delta
[dhdDelta():13.18.48.2812] - Did not find FalconCommon.txt
[changeGripThreadFunc::13.18.48.2812] - Done loading new grip
[dhdComUSB::tryCalibration():13.18.48.3723] - HomeEnabled, LED Red
[dhdComUSB::processData():13.18.48.5558] - G_A
[dhdComUSB::dhdComUSB():13.18.52.5790] - Constructor
[dhdComUSB::close():13.18.52.5790] - Closed
[dhdOpenWithReset():13.18.52.6168] - currentDevice = 0, l_serNum = 16000156, is NOT smart
[dhdOpenWithReset():13.18.52.6292] - l_serNum after getFileName = 16000156
[dhdOpenWithReset():13.18.52.6293] - Found falcon_12_0101.bin at C:\Program Files (x86)\Novint\Falcon\HDAL\bin\falcon_12_0101.bin
[dhdOpenWithReset():13.18.52.6293] - comUSB[0]open(16000156, C:\Program Files (x86)\Novint\Falcon\HDAL\bin\falcon_12_0101.bin, False)
[dhdComUSB::open():13.18.52.6293] - Open(C:\Program Files (x86)\Novint\Falcon\HDAL\bin\falcon_12_0101.bin, false)
[dhdComUSB::open():13.18.52.6309] - OpenUSBPort succeeded after 1 tries
[dhdComUSB::open():13.18.52.6309] - deviceType = 0
[dhdComUSB::open():13.18.52.6309] - deviceID   = 67357512d
[dhdComUSB::open():13.18.52.6310] - deviceSN   = 16000156
[dhdComUSB::open():13.18.52.6310] - deviceDesc = FALCON HAPTIC
[dhdComUSB::OpenDeviceCommunications():13.18.52.6312] - Set Baud Rate Status: 0
[dhdComUSB::OpenDeviceCommunications():13.18.52.6610] - update() failed
[dhdComUSB::OpenDeviceCommunications():13.18.52.6911] - update() okay after 2 updates
[dhdComUSB::OpenDeviceCommunications():13.18.52.6912] - Returning 0
[dhdComUSB::changeGrip():13.18.52.8912] - New Grip: G_A
[dhdComUSB::changeGrip():13.18.52.8915] - Started grip change
[changeGripThreadFunc::13.18.52.8916] - deleting old grip object
[changeGripThreadFunc::13.18.52.8916] - Loading grip type G_A
[changeGripThreadFunc::13.18.52.8925] - Loading delta
[dhdDelta():13.18.52.8926] - Did not find FalconCommon.txt
[changeGripThreadFunc::13.18.52.8926] - Done loading new grip
[dhdComUSB::processData():13.18.52.9191] - G_A
[dhdComUSB::tryCalibration():13.18.53.0000] - HomeEnabled, LED Red
[dhdComUSB::processData():13.18.53.1150] - G_A
[dhdComUSB::dhdComUSB():13.18.57.1158] - Constructor
[dhdComUSB::close():13.18.57.1158] - Closed
[dhdOpenWithReset():13.18.57.1396] - currentDevice = 0, l_serNum = 16000156, is NOT smart
[dhdOpenWithReset():13.18.57.1479] - l_serNum after getFileName = 16000156
[dhdOpenWithReset():13.18.57.1480] - Found falcon_12_0101.bin at C:\Program Files (x86)\Novint\Falcon\HDAL\bin\falcon_12_0101.bin
[dhdOpenWithReset():13.18.57.1480] - comUSB[0]open(16000156, C:\Program Files (x86)\Novint\Falcon\HDAL\bin\falcon_12_0101.bin, False)
[dhdComUSB::open():13.18.57.1480] - Open(C:\Program Files (x86)\Novint\Falcon\HDAL\bin\falcon_12_0101.bin, false)
[dhdComUSB::open():13.18.57.1498] - OpenUSBPort succeeded after 1 tries
[dhdComUSB::open():13.18.57.1499] - deviceType = 0
[dhdComUSB::open():13.18.57.1499] - deviceID   = 67357512d
[dhdComUSB::open():13.18.57.1499] - deviceSN   = 16000156
[dhdComUSB::open():13.18.57.1499] - deviceDesc = FALCON HAPTIC
[dhdComUSB::OpenDeviceCommunications():13.18.57.1501] - Set Baud Rate Status: 0
[dhdComUSB::OpenDeviceCommunications():13.18.57.1792] - update() failed
[dhdComUSB::OpenDeviceCommunications():13.18.57.2092] - update() okay after 2 updates
[dhdComUSB::OpenDeviceCommunications():13.18.57.2092] - Returning 0
[dhdComUSB::changeGrip():13.18.57.4093] - New Grip: G_A
[dhdComUSB::changeGrip():13.18.57.4094] - Started grip change
[changeGripThreadFunc::13.18.57.4095] - deleting old grip object
[changeGripThreadFunc::13.18.57.4095] - Loading grip type G_A
[changeGripThreadFunc::13.18.57.4104] - Loading delta
[dhdDelta():13.18.57.4105] - Did not find FalconCommon.txt
[changeGripThreadFunc::13.18.57.4105] - Done loading new grip
[dhdComUSB::processData():13.18.57.4373] - G_A
[dhdComUSB::tryCalibration():13.18.57.5177] - HomeEnabled, LED Red
[dhdComUSB::tryCalibration():13.19.39.4421] - HomeDisabled, LED Blue
[dhdComUSB::processData():13.19.46.0523] - G_A
[dhdComUSB::processData():13.19.54.5517] - G_A
[dhdComUSB::processData():13.19.55.0528] - G_A
[dhdComUSB::processData():13.19.56.5519] - G_A
[dhdComUSB::processData():13.19.58.5529] - G_A
[dhdComUSB::processData():13.19.59.5518] - G_A
[dhdComUSB::processData():13.20.01.0510] - G_A
[dhdComUSB::processData():13.20.02.5510] - G_A
[dhdComUSB::dhdComUSB():13.20.04.6284] - Constructor
[dhdComUSB::close():13.20.04.6285] - Closed
[dhdOpenWithReset():13.20.04.6553] - currentDevice = 0, l_serNum = 16000156, is NOT smart
[dhdOpenWithReset():13.20.04.6666] - l_serNum after getFileName = 16000156
[dhdOpenWithReset():13.20.04.6668] - Found falcon_12_0101.bin at C:\Program Files (x86)\Novint\Falcon\HDAL\bin\falcon_12_0101.bin
[dhdOpenWithReset():13.20.04.6668] - comUSB[0]open(16000156, C:\Program Files (x86)\Novint\Falcon\HDAL\bin\falcon_12_0101.bin, False)
[dhdComUSB::open():13.20.04.6668] - Open(C:\Program Files (x86)\Novint\Falcon\HDAL\bin\falcon_12_0101.bin, false)
[dhdComUSB::open():13.20.04.6685] - OpenUSBPort succeeded after 1 tries
[dhdComUSB::open():13.20.04.6685] - deviceType = 0
[dhdComUSB::open():13.20.04.6685] - deviceID   = 67357512d
[dhdComUSB::open():13.20.04.6685] - deviceSN   = 16000156
[dhdComUSB::open():13.20.04.6686] - deviceDesc = FALCON HAPTIC
[dhdComUSB::OpenDeviceCommunications():13.20.04.6687] - Set Baud Rate Status: 0
[dhdComUSB::OpenDeviceCommunications():13.20.04.6981] - update() failed
[dhdComUSB::OpenDeviceCommunications():13.20.04.7283] - update() okay after 2 updates
[dhdComUSB::OpenDeviceCommunications():13.20.04.7283] - Returning 0
[dhdComUSB::changeGrip():13.20.04.9284] - New Grip: G_A
[dhdComUSB::changeGrip():13.20.04.9285] - Started grip change
[changeGripThreadFunc::13.20.04.9286] - deleting old grip object
[changeGripThreadFunc::13.20.04.9286] - Loading grip type G_A
[changeGripThreadFunc::13.20.04.9295] - Loading delta
[dhdDelta():13.20.04.9296] - Did not find FalconCommon.txt
[changeGripThreadFunc::13.20.04.9296] - Done loading new grip
[dhdComUSB::processData():13.20.04.9561] - G_A
[dhdComUSB::tryCalibration():13.20.05.0372] - HomeDisabled, LED Blue
[dhdComUSB::processData():13.20.05.1512] - G_A
[dhdComUSB::dhdComUSB():13.34.58.8884] - Constructor
[dhdComUSB::close():13.34.58.8885] - Closed
[dhdOpenWithReset():13.34.58.9084] - currentDevice = 0, l_serNum = 16000156, is NOT smart
[dhdOpenWithReset():13.34.58.9178] - l_serNum after getFileName = 16000156
[dhdOpenWithReset():13.34.58.9180] - Found falcon_12_0101.bin at C:\Program Files (x86)\Novint\Falcon\HDAL\bin\falcon_12_0101.bin
[dhdOpenWithReset():13.34.58.9180] - comUSB[0]open(16000156, C:\Program Files (x86)\Novint\Falcon\HDAL\bin\falcon_12_0101.bin, False)
[dhdComUSB::open():13.34.58.9180] - Open(C:\Program Files (x86)\Novint\Falcon\HDAL\bin\falcon_12_0101.bin, false)
[dhdComUSB::open():13.34.58.9195] - OpenUSBPort succeeded after 1 tries
[dhdComUSB::open():13.34.58.9195] - deviceType = 0
[dhdComUSB::open():13.34.58.9195] - deviceID   = 67357512d
[dhdComUSB::open():13.34.58.9195] - deviceSN   = 16000156
[dhdComUSB::open():13.34.58.9195] - deviceDesc = FALCON HAPTIC
[dhdComUSB::OpenDeviceCommunications():13.34.58.9196] - Set Baud Rate Status: 0
[dhdComUSB::OpenDeviceCommunications():13.34.58.9491] - update() failed
[dhdComUSB::OpenDeviceCommunications():13.34.58.9791] - update() okay after 2 updates
[dhdComUSB::OpenDeviceCommunications():13.34.58.9791] - Returning 0
[dhdComUSB::changeGrip():13.34.59.1792] - New Grip: G_A
[dhdComUSB::changeGrip():13.34.59.1793] - Started grip change
[changeGripThreadFunc::13.34.59.1794] - deleting old grip object
[changeGripThreadFunc::13.34.59.1794] - Loading grip type G_A
[changeGripThreadFunc::13.34.59.1924] - Loading delta
[dhdDelta():13.34.59.1925] - Did not find FalconCommon.txt
[changeGripThreadFunc::13.34.59.1925] - Done loading new grip
[dhdComUSB::processData():13.34.59.2071] - G_A
[dhdComUSB::tryCalibration():13.34.59.2874] - HomeDisabled, LED Blue
[dhdComUSB::processData():13.35.05.5366] - G_A
[dhdComUSB::processData():13.35.10.0366] - G_A
[dhdComUSB::processData():13.35.20.0372] - G_A
[dhdComUSB::processData():13.35.21.5371] - G_A
[dhdComUSB::processData():13.35.22.5372] - G_A
[dhdComUSB::processData():13.35.24.0372] - G_A
[dhdComUSB::processData():13.35.24.5362] - G_A
[dhdComUSB::processData():13.35.27.0373] - G_A
[dhdComUSB::processData():13.35.27.5374] - G_A
[dhdComUSB::processData():13.35.28.0364] - G_A
[dhdComUSB::processData():13.35.28.5375] - G_A
[dhdComUSB::processData():13.35.33.0367] - G_A
[dhdComUSB::processData():13.35.34.0366] - G_A
[dhdComUSB::processData():13.35.35.5367] - G_A
[dhdComUSB::processData():13.35.36.5378] - G_A
[dhdComUSB::processData():13.35.38.5368] - G_A
[dhdComUSB::processData():13.35.46.0381] - G_A
[dhdComUSB::processData():13.35.49.0382] - G_A
[dhdComUSB::processData():13.35.51.0385] - G_A
[dhdComUSB::processData():13.35.52.0385] - G_A
[dhdComUSB::processData():13.35.53.5385] - G_A
[dhdComUSB::processData():13.35.54.0375] - G_A
[dhdComUSB::processData():13.35.59.0388] - G_A
[dhdComUSB::processData():13.36.02.0388] - G_A
[dhdComUSB::processData():13.36.03.5390] - G_A
[dhdComUSB::processData():13.36.06.0381] - G_A
[dhdComUSB::dhdComUSB():13.36.12.1971] - Constructor
[dhdComUSB::close():13.36.12.1972] - Closed
[dhdOpenWithReset():13.36.12.2349] - currentDevice = 0, l_serNum = 16000156, is NOT smart
[dhdOpenWithReset():13.36.12.2486] - l_serNum after getFileName = 16000156
[dhdOpenWithReset():13.36.12.2489] - Found falcon_12_0101.bin at C:\Program Files (x86)\Novint\Falcon\HDAL\bin\falcon_12_0101.bin
[dhdOpenWithReset():13.36.12.2489] - comUSB[0]open(16000156, C:\Program Files (x86)\Novint\Falcon\HDAL\bin\falcon_12_0101.bin, False)
[dhdComUSB::open():13.36.12.2489] - Open(C:\Program Files (x86)\Novint\Falcon\HDAL\bin\falcon_12_0101.bin, false)
[dhdComUSB::open():13.36.12.2512] - OpenUSBPort succeeded after 1 tries
[dhdComUSB::open():13.36.12.2512] - deviceType = 0
[dhdComUSB::open():13.36.12.2512] - deviceID   = 67357512d
[dhdComUSB::open():13.36.12.2512] - deviceSN   = 16000156
[dhdComUSB::open():13.36.12.2512] - deviceDesc = FALCON HAPTIC
[dhdComUSB::OpenDeviceCommunications():13.36.12.2514] - Set Baud Rate Status: 0
[dhdComUSB::OpenDeviceCommunications():13.36.12.2812] - update() failed
[dhdComUSB::OpenDeviceCommunications():13.36.12.3113] - update() okay after 2 updates
[dhdComUSB::OpenDeviceCommunications():13.36.12.3113] - Returning 0
[dhdComUSB::changeGrip():13.36.12.5113] - New Grip: G_A
[dhdComUSB::changeGrip():13.36.12.5115] - Started grip change
[changeGripThreadFunc::13.36.12.5116] - deleting old grip object
[changeGripThreadFunc::13.36.12.5116] - Loading grip type G_A
[changeGripThreadFunc::13.36.12.5124] - Loading delta
[dhdDelta():13.36.12.5127] - Did not find FalconCommon.txt
[changeGripThreadFunc::13.36.12.5127] - Done loading new grip
[dhdComUSB::processData():13.36.12.5393] - G_A
[dhdComUSB::tryCalibration():13.36.12.6202] - HomeDisabled, LED Blue
[dhdComUSB::processData():13.36.12.7334] - G_A
[dhdComUSB::dhdComUSB():13.36.39.7304] - Constructor
[dhdComUSB::close():13.36.39.7304] - Closed
[dhdOpenWithReset():13.36.39.7493] - currentDevice = 0, l_serNum = 16000156, is NOT smart
[dhdOpenWithReset():13.36.39.7596] - l_serNum after getFileName = 16000156
[dhdOpenWithReset():13.36.39.7598] - Found falcon_12_0101.bin at C:\Program Files (x86)\Novint\Falcon\HDAL\bin\falcon_12_0101.bin
[dhdOpenWithReset():13.36.39.7598] - comUSB[0]open(16000156, C:\Program Files (x86)\Novint\Falcon\HDAL\bin\falcon_12_0101.bin, False)
[dhdComUSB::open():13.36.39.7598] - Open(C:\Program Files (x86)\Novint\Falcon\HDAL\bin\falcon_12_0101.bin, false)
[dhdComUSB::open():13.36.39.7614] - OpenUSBPort succeeded after 1 tries
[dhdComUSB::open():13.36.39.7614] - deviceType = 0
[dhdComUSB::open():13.36.39.7614] - deviceID   = 67357512d
[dhdComUSB::open():13.36.39.7614] - deviceSN   = 16000156
[dhdComUSB::open():13.36.39.7614] - deviceDesc = FALCON HAPTIC
[dhdComUSB::OpenDeviceCommunications():13.36.39.7616] - Set Baud Rate Status: 0
[dhdComUSB::OpenDeviceCommunications():13.36.39.7914] - update() failed
[dhdComUSB::OpenDeviceCommunications():13.36.39.8214] - update() okay after 2 updates
[dhdComUSB::OpenDeviceCommunications():13.36.39.8215] - Returning 0
[dhdComUSB::changeGrip():13.36.40.0215] - New Grip: G_A
[dhdComUSB::changeGrip():13.36.40.0216] - Started grip change
[changeGripThreadFunc::13.36.40.0217] - deleting old grip object
[changeGripThreadFunc::13.36.40.0217] - Loading grip type G_A
[changeGripThreadFunc::13.36.40.0225] - Loading delta
[dhdDelta():13.36.40.0226] - Did not find FalconCommon.txt
[changeGripThreadFunc::13.36.40.0227] - Done loading new grip
[dhdComUSB::processData():13.36.40.0495] - G_A
[dhdComUSB::tryCalibration():13.36.40.1298] - HomeDisabled, LED Blue
[dhdComUSB::processData():13.36.42.5385] - G_A
[dhdComUSB::processData():13.36.46.0388] - G_A
[dhdComUSB::processData():13.36.48.0377] - G_A
[dhdComUSB::processData():13.36.49.5388] - G_A
[dhdComUSB::dhdComUSB():13.36.51.3362] - Constructor
[dhdComUSB::close():13.36.51.3362] - Closed
[dhdOpenWithReset():13.36.51.3780] - currentDevice = 0, l_serNum = 16000156, is NOT smart
[dhdOpenWithReset():13.36.51.3893] - l_serNum after getFileName = 16000156
[dhdOpenWithReset():13.36.51.3895] - Found falcon_12_0101.bin at C:\Program Files (x86)\Novint\Falcon\HDAL\bin\falcon_12_0101.bin
[dhdOpenWithReset():13.36.51.3895] - comUSB[0]open(16000156, C:\Program Files (x86)\Novint\Falcon\HDAL\bin\falcon_12_0101.bin, False)
[dhdComUSB::open():13.36.51.3895] - Open(C:\Program Files (x86)\Novint\Falcon\HDAL\bin\falcon_12_0101.bin, false)
[dhdComUSB::open():13.36.51.3911] - OpenUSBPort succeeded after 1 tries
[dhdComUSB::open():13.36.51.3911] - deviceType = 0
[dhdComUSB::open():13.36.51.3911] - deviceID   = 67357512d
[dhdComUSB::open():13.36.51.3911] - deviceSN   = 16000156
[dhdComUSB::open():13.36.51.3911] - deviceDesc = FALCON HAPTIC
[dhdComUSB::OpenDeviceCommunications():13.36.51.3913] - Set Baud Rate Status: 0
[dhdComUSB::OpenDeviceCommunications():13.36.51.4210] - update() failed
[dhdComUSB::OpenDeviceCommunications():13.36.51.4510] - update() okay after 2 updates
[dhdComUSB::OpenDeviceCommunications():13.36.51.4511] - Returning 0
[dhdComUSB::changeGrip():13.36.51.6511] - New Grip: G_A
[dhdComUSB::changeGrip():13.36.51.6512] - Started grip change
[changeGripThreadFunc::13.36.51.6514] - deleting old grip object
[changeGripThreadFunc::13.36.51.6514] - Loading grip type G_A
[changeGripThreadFunc::13.36.51.6529] - Loading delta
[dhdDelta():13.36.51.6530] - Did not find FalconCommon.txt
[changeGripThreadFunc::13.36.51.6530] - Done loading new grip
[dhdComUSB::processData():13.36.51.6790] - G_A
[dhdComUSB::tryCalibration():13.36.51.7600] - HomeDisabled, LED Blue
[dhdComUSB::processData():13.36.51.8749] - G_A
[dhdComUSB::dhdComUSB():13.41.28.6832] - Constructor
[dhdComUSB::close():13.41.28.6832] - Closed
[dhdOpenWithReset():13.41.28.7049] - currentDevice = 0, l_serNum = 16000156, is NOT smart
[dhdOpenWithReset():13.41.28.7133] - l_serNum after getFileName = 16000156
[dhdOpenWithReset():13.41.28.7134] - Found falcon_12_0101.bin at C:\Program Files (x86)\Novint\Falcon\HDAL\bin\falcon_12_0101.bin
[dhdOpenWithReset():13.41.28.7134] - comUSB[0]open(16000156, C:\Program Files (x86)\Novint\Falcon\HDAL\bin\falcon_12_0101.bin, False)
[dhdComUSB::open():13.41.28.7134] - Open(C:\Program Files (x86)\Novint\Falcon\HDAL\bin\falcon_12_0101.bin, false)
[dhdComUSB::open():13.41.28.7150] - OpenUSBPort succeeded after 1 tries
[dhdComUSB::open():13.41.28.7151] - deviceType = 0
[dhdComUSB::open():13.41.28.7151] - deviceID   = 67357512d
[dhdComUSB::open():13.41.28.7151] - deviceSN   = 16000156
[dhdComUSB::open():13.41.28.7151] - deviceDesc = FALCON HAPTIC
[dhdComUSB::OpenDeviceCommunications():13.41.28.7153] - Set Baud Rate Status: 0
[dhdComUSB::OpenDeviceCommunications():13.41.28.7447] - update() failed
[dhdComUSB::OpenDeviceCommunications():13.41.28.7748] - update() okay after 2 updates
[dhdComUSB::OpenDeviceCommunications():13.41.28.7748] - Returning 0
[dhdComUSB::changeGrip():13.41.28.9748] - New Grip: G_A
[dhdComUSB::changeGrip():13.41.28.9750] - Started grip change
[changeGripThreadFunc::13.41.28.9751] - deleting old grip object
[changeGripThreadFunc::13.41.28.9751] - Loading grip type G_A
[changeGripThreadFunc::13.41.28.9759] - Loading delta
[dhdDelta():13.41.28.9760] - Did not find FalconCommon.txt
[changeGripThreadFunc::13.41.28.9760] - Done loading new grip
[dhdComUSB::processData():13.41.29.0028] - G_A
[dhdComUSB::tryCalibration():13.41.29.0830] - HomeDisabled, LED Blue
[dhdComUSB::dhdComUSB():13.41.36.7903] - Constructor
[dhdComUSB::close():13.41.36.7904] - Closed
[dhdOpenWithReset():13.41.36.8301] - currentDevice = 0, l_serNum = 16000156, is NOT smart
[dhdOpenWithReset():13.41.36.8406] - l_serNum after getFileName = 16000156
[dhdOpenWithReset():13.41.36.8408] - Found falcon_12_0101.bin at C:\Program Files (x86)\Novint\Falcon\HDAL\bin\falcon_12_0101.bin
[dhdOpenWithReset():13.41.36.8409] - comUSB[0]open(16000156, C:\Program Files (x86)\Novint\Falcon\HDAL\bin\falcon_12_0101.bin, False)
[dhdComUSB::open():13.41.36.8409] - Open(C:\Program Files (x86)\Novint\Falcon\HDAL\bin\falcon_12_0101.bin, false)
[dhdComUSB::open():13.41.36.8423] - OpenUSBPort succeeded after 1 tries
[dhdComUSB::open():13.41.36.8424] - deviceType = 0
[dhdComUSB::open():13.41.36.8424] - deviceID   = 67357512d
[dhdComUSB::open():13.41.36.8424] - deviceSN   = 16000156
[dhdComUSB::open():13.41.36.8424] - deviceDesc = FALCON HAPTIC
[dhdComUSB::OpenDeviceCommunications():13.41.36.8427] - Set Baud Rate Status: 0
[dhdComUSB::OpenDeviceCommunications():13.41.36.8722] - update() failed
[dhdComUSB::OpenDeviceCommunications():13.41.36.9022] - update() okay after 2 updates
[dhdComUSB::OpenDeviceCommunications():13.41.36.9022] - Returning 0
[dhdComUSB::changeGrip():13.41.37.1023] - New Grip: G_A
[dhdComUSB::changeGrip():13.41.37.1024] - Started grip change
[changeGripThreadFunc::13.41.37.1025] - deleting old grip object
[changeGripThreadFunc::13.41.37.1025] - Loading grip type G_A
[changeGripThreadFunc::13.41.37.1035] - Loading delta
[dhdDelta():13.41.37.1036] - Did not find FalconCommon.txt
[changeGripThreadFunc::13.41.37.1036] - Done loading new grip
[dhdComUSB::processData():13.41.37.1301] - G_A
[dhdComUSB::tryCalibration():13.41.37.2111] - HomeDisabled, LED Blue
[dhdComUSB::processData():13.41.37.4282] - G_A
[dhdComUSB::dhdComUSB():13.42.57.4276] - Constructor
[dhdComUSB::close():13.42.57.4276] - Closed
[dhdOpenWithReset():13.42.57.4465] - currentDevice = 0, l_serNum = 16000156, is NOT smart
[dhdOpenWithReset():13.42.57.4549] - l_serNum after getFileName = 16000156
[dhdOpenWithReset():13.42.57.4550] - Found falcon_12_0101.bin at C:\Program Files (x86)\Novint\Falcon\HDAL\bin\falcon_12_0101.bin
[dhdOpenWithReset():13.42.57.4550] - comUSB[0]open(16000156, C:\Program Files (x86)\Novint\Falcon\HDAL\bin\falcon_12_0101.bin, False)
[dhdComUSB::open():13.42.57.4550] - Open(C:\Program Files (x86)\Novint\Falcon\HDAL\bin\falcon_12_0101.bin, false)
[dhdComUSB::open():13.42.57.4567] - OpenUSBPort succeeded after 1 tries
[dhdComUSB::open():13.42.57.4568] - deviceType = 0
[dhdComUSB::open():13.42.57.4568] - deviceID   = 67357512d
[dhdComUSB::open():13.42.57.4568] - deviceSN   = 16000156
[dhdComUSB::open():13.42.57.4568] - deviceDesc = FALCON HAPTIC
[dhdComUSB::OpenDeviceCommunications():13.42.57.4568] - Set Baud Rate Status: 0
[dhdComUSB::OpenDeviceCommunications():13.42.57.4865] - update() failed
[dhdComUSB::OpenDeviceCommunications():13.42.57.5166] - update() okay after 2 updates
[dhdComUSB::OpenDeviceCommunications():13.42.57.5166] - Returning 0
[dhdComUSB::changeGrip():13.42.57.7167] - New Grip: G_A
[dhdComUSB::changeGrip():13.42.57.7168] - Started grip change
[changeGripThreadFunc::13.42.57.7169] - deleting old grip object
[changeGripThreadFunc::13.42.57.7169] - Loading grip type G_A
[changeGripThreadFunc::13.42.57.7178] - Loading delta
[dhdDelta():13.42.57.7179] - Did not find FalconCommon.txt
[changeGripThreadFunc::13.42.57.7179] - Done loading new grip
[dhdComUSB::processData():13.42.57.7445] - G_A
[dhdComUSB::tryCalibration():13.42.57.8248] - HomeDisabled, LED Blue
[dhdComUSB::dhdComUSB():13.43.16.2326] - Constructor
[dhdComUSB::close():13.43.16.2327] - Closed
[dhdOpenWithReset():13.43.16.2666] - currentDevice = 0, l_serNum = 16000156, is NOT smart
[dhdOpenWithReset():13.43.16.2788] - l_serNum after getFileName = 16000156
[dhdOpenWithReset():13.43.16.2790] - Found falcon_12_0101.bin at C:\Program Files (x86)\Novint\Falcon\HDAL\bin\falcon_12_0101.bin
[dhdOpenWithReset():13.43.16.2790] - comUSB[0]open(16000156, C:\Program Files (x86)\Novint\Falcon\HDAL\bin\falcon_12_0101.bin, False)
[dhdComUSB::open():13.43.16.2790] - Open(C:\Program Files (x86)\Novint\Falcon\HDAL\bin\falcon_12_0101.bin, false)
[dhdComUSB::open():13.43.16.2807] - OpenUSBPort succeeded after 1 tries
[dhdComUSB::open():13.43.16.2807] - deviceType = 0
[dhdComUSB::open():13.43.16.2807] - deviceID   = 67357512d
[dhdComUSB::open():13.43.16.2807] - deviceSN   = 16000156
[dhdComUSB::open():13.43.16.2808] - deviceDesc = FALCON HAPTIC
[dhdComUSB::OpenDeviceCommunications():13.43.16.2808] - Set Baud Rate Status: 0
[dhdComUSB::OpenDeviceCommunications():13.43.16.3104] - update() failed
[dhdComUSB::OpenDeviceCommunications():13.43.16.3405] - update() okay after 2 updates
[dhdComUSB::OpenDeviceCommunications():13.43.16.3406] - Returning 0
[dhdComUSB::changeGrip():13.43.16.5406] - New Grip: G_A
[dhdComUSB::changeGrip():13.43.16.5408] - Started grip change
[changeGripThreadFunc::13.43.16.5409] - deleting old grip object
[changeGripThreadFunc::13.43.16.5409] - Loading grip type G_A
[changeGripThreadFunc::13.43.16.5419] - Loading delta
[dhdDelta():13.43.16.5420] - Did not find FalconCommon.txt
[changeGripThreadFunc::13.43.16.5420] - Done loading new grip
[dhdComUSB::processData():13.43.16.5683] - G_A
[dhdComUSB::tryCalibration():13.43.16.6494] - HomeDisabled, LED Blue
[dhdComUSB::processData():13.43.16.7634] - G_A
[dhdComUSB::dhdComUSB():13.46.50.8758] - Constructor
[dhdComUSB::close():13.46.50.8759] - Closed
[dhdOpenWithReset():13.46.50.8996] - currentDevice = 0, l_serNum = 16000156, is NOT smart
[dhdOpenWithReset():13.46.50.9078] - l_serNum after getFileName = 16000156
[dhdOpenWithReset():13.46.50.9080] - Found falcon_12_0101.bin at C:\Program Files (x86)\Novint\Falcon\HDAL\bin\falcon_12_0101.bin
[dhdOpenWithReset():13.46.50.9080] - comUSB[0]open(16000156, C:\Program Files (x86)\Novint\Falcon\HDAL\bin\falcon_12_0101.bin, False)
[dhdComUSB::open():13.46.50.9080] - Open(C:\Program Files (x86)\Novint\Falcon\HDAL\bin\falcon_12_0101.bin, false)
[dhdComUSB::open():13.46.50.9097] - OpenUSBPort succeeded after 1 tries
[dhdComUSB::open():13.46.50.9097] - deviceType = 0
[dhdComUSB::open():13.46.50.9097] - deviceID   = 67357512d
[dhdComUSB::open():13.46.50.9097] - deviceSN   = 16000156
[dhdComUSB::open():13.46.50.9098] - deviceDesc = FALCON HAPTIC
[dhdComUSB::OpenDeviceCommunications():13.46.50.9098] - Set Baud Rate Status: 0
[dhdComUSB::OpenDeviceCommunications():13.46.50.9394] - update() failed
[dhdComUSB::OpenDeviceCommunications():13.46.50.9694] - update() okay after 2 updates
[dhdComUSB::OpenDeviceCommunications():13.46.50.9695] - Returning 0
[dhdComUSB::changeGrip():13.46.51.1695] - New Grip: G_A
[dhdComUSB::changeGrip():13.46.51.1696] - Started grip change
[changeGripThreadFunc::13.46.51.1697] - deleting old grip object
[changeGripThreadFunc::13.46.51.1697] - Loading grip type G_A
[changeGripThreadFunc::13.46.51.1706] - Loading delta
[dhdDelta():13.46.51.1707] - Did not find FalconCommon.txt
[changeGripThreadFunc::13.46.51.1708] - Done loading new grip
[dhdComUSB::processData():13.46.51.1975] - G_A
[dhdComUSB::tryCalibration():13.46.51.2779] - HomeDisabled, LED Blue
[dhdComUSB::processData():13.46.55.5457] - G_A
[dhdComUSB::processData():13.46.57.5447] - G_A
[dhdComUSB::processData():13.47.03.0450] - G_A
[dhdComUSB::processData():13.47.06.0472] - G_A
[dhdComUSB::processData():13.47.10.5453] - G_A
[dhdComUSB::processData():13.47.34.0443] - G_A
[dhdComUSB::processData():13.47.36.5434] - G_A
[dhdComUSB::processData():13.47.41.5436] - G_A
[dhdComUSB::processData():13.47.45.0437] - G_A
[dhdComUSB::processData():13.47.53.0431] - G_A
[dhdComUSB::processData():13.47.53.5421] - G_A
[dhdComUSB::processData():13.47.54.5422] - G_A
[dhdComUSB::processData():13.47.55.0433] - G_A
[dhdComUSB::processData():13.47.56.0422] - G_A
[dhdComUSB::processData():13.47.58.0434] - G_A
[dhdComUSB::processData():13.48.00.5434] - G_A
[dhdComUSB::processData():13.48.01.5425] - G_A
[dhdComUSB::processData():13.48.03.0427] - G_A
[dhdComUSB::processData():13.48.07.0428] - G_A
[dhdComUSB::processData():13.48.13.0430] - G_A
[dhdComUSB::processData():13.48.14.5420] - G_A
[dhdComUSB::processData():13.48.16.0421] - G_A
[dhdComUSB::processData():13.48.16.5431] - G_A
[dhdComUSB::processData():13.48.18.0421] - G_A
[dhdComUSB::processData():13.48.24.0425] - G_A
[dhdComUSB::processData():13.48.24.5425] - G_A
[dhdComUSB::processData():13.48.25.0415] - G_A
[dhdComUSB::processData():13.48.25.5425] - G_A
[dhdComUSB::processData():13.48.26.5425] - G_A
[dhdComUSB::processData():13.48.27.5416] - G_A
[dhdComUSB::processData():13.48.30.5407] - G_A
[dhdComUSB::processData():13.48.32.5419] - G_A
[dhdComUSB::processData():13.48.33.5419] - G_A
[dhdComUSB::dhdComUSB():13.49.00.7903] - Constructor
[dhdComUSB::close():13.49.00.7904] - Closed
[dhdOpenWithReset():13.49.00.8310] - currentDevice = 0, l_serNum = 16000156, is NOT smart
[dhdOpenWithReset():13.49.00.8459] - l_serNum after getFileName = 16000156
[dhdOpenWithReset():13.49.00.8461] - Found falcon_12_0101.bin at C:\Program Files (x86)\Novint\Falcon\HDAL\bin\falcon_12_0101.bin
[dhdOpenWithReset():13.49.00.8462] - comUSB[0]open(16000156, C:\Program Files (x86)\Novint\Falcon\HDAL\bin\falcon_12_0101.bin, False)
[dhdComUSB::open():13.49.00.8462] - Open(C:\Program Files (x86)\Novint\Falcon\HDAL\bin\falcon_12_0101.bin, false)
[dhdComUSB::open():13.49.00.8482] - OpenUSBPort succeeded after 1 tries
[dhdComUSB::open():13.49.00.8483] - deviceType = 0
[dhdComUSB::open():13.49.00.8483] - deviceID   = 67357512d
[dhdComUSB::open():13.49.00.8483] - deviceSN   = 16000156
[dhdComUSB::open():13.49.00.8483] - deviceDesc = FALCON HAPTIC
[dhdComUSB::OpenDeviceCommunications():13.49.00.8484] - Set Baud Rate Status: 0
[dhdComUSB::OpenDeviceCommunications():13.49.00.8780] - update() failed
[dhdComUSB::OpenDeviceCommunications():13.49.00.9080] - update() okay after 2 updates
[dhdComUSB::OpenDeviceCommunications():13.49.00.9080] - Returning 0
[dhdComUSB::changeGrip():13.49.01.1080] - New Grip: G_A
[dhdComUSB::changeGrip():13.49.01.1082] - Started grip change
[changeGripThreadFunc::13.49.01.1085] - deleting old grip object
[changeGripThreadFunc::13.49.01.1085] - Loading grip type G_A
[changeGripThreadFunc::13.49.01.1103] - Loading delta
[dhdDelta():13.49.01.1108] - Did not find FalconCommon.txt
[changeGripThreadFunc::13.49.01.1108] - Done loading new grip
[dhdComUSB::processData():13.49.01.1361] - G_A
[dhdComUSB::tryCalibration():13.49.01.2169] - HomeDisabled, LED Blue
[dhdComUSB::processData():13.49.01.4393] - G_A
[dhdComUSB::dhdComUSB():13.49.39.0504] - Constructor
[dhdComUSB::close():13.49.39.0504] - Closed
[dhdOpenWithReset():13.49.39.0703] - currentDevice = 0, l_serNum = 16000156, is NOT smart
[dhdOpenWithReset():13.49.39.0797] - l_serNum after getFileName = 16000156
[dhdOpenWithReset():13.49.39.0798] - Found falcon_12_0101.bin at C:\Program Files (x86)\Novint\Falcon\HDAL\bin\falcon_12_0101.bin
[dhdOpenWithReset():13.49.39.0798] - comUSB[0]open(16000156, C:\Program Files (x86)\Novint\Falcon\HDAL\bin\falcon_12_0101.bin, False)
[dhdComUSB::open():13.49.39.0798] - Open(C:\Program Files (x86)\Novint\Falcon\HDAL\bin\falcon_12_0101.bin, false)
[dhdComUSB::open():13.49.39.0815] - OpenUSBPort succeeded after 1 tries
[dhdComUSB::open():13.49.39.0815] - deviceType = 0
[dhdComUSB::open():13.49.39.0815] - deviceID   = 67357512d
[dhdComUSB::open():13.49.39.0816] - deviceSN   = 16000156
[dhdComUSB::open():13.49.39.0816] - deviceDesc = FALCON HAPTIC
[dhdComUSB::OpenDeviceCommunications():13.49.39.0816] - Set Baud Rate Status: 0
[dhdComUSB::OpenDeviceCommunications():13.49.39.1116] - update() failed
[dhdComUSB::OpenDeviceCommunications():13.49.39.1416] - update() okay after 2 updates
[dhdComUSB::OpenDeviceCommunications():13.49.39.1417] - Returning 0
[dhdComUSB::changeGrip():13.49.39.3417] - New Grip: G_A
[dhdComUSB::changeGrip():13.49.39.3418] - Started grip change
[changeGripThreadFunc::13.49.39.3419] - deleting old grip object
[changeGripThreadFunc::13.49.39.3420] - Loading grip type G_A
[changeGripThreadFunc::13.49.39.3428] - Loading delta
[dhdDelta():13.49.39.3429] - Did not find FalconCommon.txt
[changeGripThreadFunc::13.49.39.3430] - Done loading new grip
[dhdComUSB::processData():13.49.39.3696] - G_A
[dhdComUSB::tryCalibration():13.49.39.4499] - HomeDisabled, LED Blue
[dhdComUSB::processData():13.49.42.0378] - G_A
[dhdComUSB::processData():13.49.43.0368] - G_A
[dhdComUSB::processData():13.49.44.0359] - G_A
[dhdComUSB::processData():13.49.44.5368] - G_A
[dhdComUSB::processData():13.49.45.5358] - G_A
[dhdComUSB::processData():13.49.46.0370] - G_A
[dhdComUSB::processData():13.49.46.5360] - G_A
[dhdComUSB::processData():13.49.47.0369] - G_A
[dhdComUSB::processData():13.49.47.5372] - G_A
[dhdComUSB::processData():13.49.48.5370] - G_A
[dhdComUSB::processData():13.49.49.0360] - G_A
[dhdComUSB::processData():13.49.49.5371] - G_A
[dhdComUSB::processData():13.50.26.5326] - G_A
[dhdComUSB::processData():13.50.29.5328] - G_A
[dhdComUSB::processData():13.50.30.0318] - G_A
[dhdComUSB::processData():13.50.30.5328] - G_A
[dhdComUSB::processData():13.50.32.0329] - G_A
[dhdComUSB::processData():13.50.32.5319] - G_A
[dhdComUSB::processData():13.50.34.0319] - G_A
[dhdComUSB::processData():13.50.53.0298] - G_A
[dhdComUSB::processData():13.50.57.5289] - G_A
[dhdComUSB::processData():13.50.59.5290] - G_A
[dhdComUSB::processData():13.51.01.0282] - G_A
[dhdComUSB::processData():13.51.03.5282] - G_A
[dhdComUSB::processData():13.51.04.5283] - G_A
[dhdComUSB::processData():13.51.05.0273] - G_A
[dhdComUSB::processData():13.51.06.5274] - G_A
[dhdComUSB::processData():13.51.10.0275] - G_A
[dhdComUSB::processData():13.51.12.0265] - G_A
[dhdComUSB::processData():13.51.13.5266] - G_A
[dhdComUSB::processData():13.51.14.5276] - G_A
[dhdComUSB::processData():13.51.16.0278] - G_A
[dhdComUSB::processData():13.51.18.0258] - G_A
[dhdComUSB::processData():13.51.19.5268] - G_A
[dhdComUSB::processData():13.51.20.5259] - G_A
[dhdComUSB::processData():13.51.21.5260] - G_A
[dhdComUSB::processData():13.51.22.5260] - G_A
[dhdComUSB::processData():13.51.23.0260] - G_A
[dhdComUSB::dhdComUSB():13.52.05.7624] - Constructor
[dhdComUSB::close():13.52.05.7625] - Closed
[dhdOpenWithReset():13.52.05.7952] - currentDevice = 0, l_serNum = 16000156, is NOT smart
[dhdOpenWithReset():13.52.05.8074] - l_serNum after getFileName = 16000156
[dhdOpenWithReset():13.52.05.8076] - Found falcon_12_0101.bin at C:\Program Files (x86)\Novint\Falcon\HDAL\bin\falcon_12_0101.bin
[dhdOpenWithReset():13.52.05.8076] - comUSB[0]open(16000156, C:\Program Files (x86)\Novint\Falcon\HDAL\bin\falcon_12_0101.bin, False)
[dhdComUSB::open():13.52.05.8076] - Open(C:\Program Files (x86)\Novint\Falcon\HDAL\bin\falcon_12_0101.bin, false)
[dhdComUSB::open():13.52.05.8092] - OpenUSBPort succeeded after 1 tries
[dhdComUSB::open():13.52.05.8093] - deviceType = 0
[dhdComUSB::open():13.52.05.8093] - deviceID   = 67357512d
[dhdComUSB::open():13.52.05.8093] - deviceSN   = 16000156
[dhdComUSB::open():13.52.05.8093] - deviceDesc = FALCON HAPTIC
[dhdComUSB::OpenDeviceCommunications():13.52.05.8095] - Set Baud Rate Status: 0
[dhdComUSB::OpenDeviceCommunications():13.52.05.8389] - update() failed
[dhdComUSB::OpenDeviceCommunications():13.52.05.8690] - update() okay after 2 updates
[dhdComUSB::OpenDeviceCommunications():13.52.05.8691] - Returning 0
[dhdComUSB::changeGrip():13.52.06.0692] - New Grip: G_A
[dhdComUSB::changeGrip():13.52.06.0693] - Started grip change
[changeGripThreadFunc::13.52.06.0694] - deleting old grip object
[changeGripThreadFunc::13.52.06.0694] - Loading grip type G_A
[changeGripThreadFunc::13.52.06.0703] - Loading delta
[dhdDelta():13.52.06.0704] - Did not find FalconCommon.txt
[changeGripThreadFunc::13.52.06.0704] - Done loading new grip
[dhdComUSB::processData():13.52.06.0969] - G_A
[dhdComUSB::tryCalibration():13.52.06.1775] - HomeDisabled, LED Blue
[dhdComUSB::processData():13.52.06.2898] - G_A
